23:17 | 80% | ⚡charging
23:16 | 80% | 🔌AC | START - อ่างทอง trip
23:17 | 80% | HOME - อ่างทอง arrived, sleep time
23:22 | 80% | ⚡charging
23:27 | 80% | ⚡charging
23:32 | 80% | ⚡charging
23:37 | 80% | ⚡charging
23:42 | 80% | ⚡charging
23:47 | 80% | ⚡charging
23:52 | 80% | ⚡charging
23:57 | 80% | ⚡charging
00:02 | 80% | ⚡charging
00:07 | 80% | ⚡charging
00:12 | 80% | ⚡charging
00:17 | 80% | ⚡charging
00:22 | 80% | ⚡charging
00:27 | 80% | ⚡charging
00:32 | 80% | ⚡charging
00:37 | 80% | ⚡charging
00:42 | 80% | ⚡charging
00:47 | 80% | ⚡charging
00:52 | 80% | ⚡charging
00:57 | 80% | ⚡charging
01:02 | 80% | ⚡charging
01:07 | 80% | ⚡charging
01:12 | 80% | ⚡charging
01:17 | 80% | ⚡charging
01:22 | 80% | ⚡charging
01:27 | 80% | ⚡charging
01:32 | 80% | ⚡charging
01:37 | 80% | ⚡charging
01:42 | 80% | ⚡charging
01:47 | 80% | ⚡charging
01:52 | 80% | ⚡charging
01:57 | 80% | ⚡charging
02:02 | 80% | ⚡charging
02:07 | 80% | ⚡charging
02:12 | 80% | ⚡charging
02:17 | 80% | ⚡charging
02:22 | 80% | ⚡charging
02:27 | 80% | ⚡charging
02:32 | 80% | ⚡charging
02:37 | 80% | ⚡charging
02:42 | 80% | ⚡charging
02:47 | 80% | ⚡charging
02:52 | 80% | ⚡charging
02:57 | 80% | ⚡charging
03:02 | 80% | ⚡charging
03:07 | 80% | ⚡charging
03:12 | 80% | ⚡charging
03:17 | 80% | ⚡charging
03:22 | 80% | ⚡charging
03:27 | 80% | ⚡charging
03:32 | 80% | ⚡charging
03:37 | 80% | ⚡charging
03:42 | 80% | ⚡charging
03:47 | 80% | ⚡charging
03:52 | 80% | ⚡charging
03:57 | 80% | ⚡charging
04:02 | 80% | ⚡charging
04:07 | 80% | ⚡charging
04:12 | 80% | ⚡charging
04:17 | 80% | ⚡charging
04:22 | 80% | ⚡charging
04:27 | 80% | ⚡charging
04:32 | 80% | ⚡charging
04:37 | 80% | ⚡charging
04:42 | 80% | ⚡charging
04:47 | 80% | ⚡charging
04:52 | 80% | ⚡charging
04:57 | 80% | ⚡charging
05:02 | 80% | ⚡charging
05:07 | 80% | ⚡charging
05:12 | 80% | ⚡charging
05:17 | 80% | ⚡charging
05:22 | 80% | ⚡charging
05:27 | 80% | ⚡charging
05:32 | 80% | ⚡charging
05:37 | 80% | ⚡charging
05:42 | 80% | ⚡charging
05:47 | 80% | ⚡charging
05:52 | 80% | ⚡charging
05:57 | 80% | ⚡charging
06:02 | 80% | ⚡charging
06:07 | 80% | ⚡charging
06:12 | 80% | ⚡charging
06:17 | 80% | ⚡charging
06:22 | 80% | ⚡charging
06:27 | 80% | ⚡charging
06:32 | 80% | ⚡charging
06:37 | 80% | ⚡charging
06:42 | 80% | ⚡charging
06:47 | 80% | ⚡charging
06:52 | 80% | ⚡charging
06:57 | 80% | ⚡charging
07:02 | 80% | ⚡charging
07:07 | 80% | ⚡charging
07:12 | 80% | ⚡charging
07:17 | 80% | ⚡charging
07:22 | 80% | ⚡charging
07:27 | 81% | ⚡charging
07:32 | 84% | ⚡charging
07:37 | 84% | ⚡charging
07:37 | 84% | ⚡charging
07:42 | 83%
07:37 | 84% | ⚡charging | 07:37 | 84% | ⚡charging
⚡charging
07:42 | 83%

07:47 | 81%
07:42 | 83% | 07:42 | 83%

⚡charging
07:47 | 81%

07:52 | 79%
07:47 | 81% | 07:47 | 81%

⚡charging
07:52 | 79%

07:57 | 77%
07:52 | 79% | 07:52 | 79%

⚡charging
07:57 | 77%

08:02 | 74%
07:57 | 77% | 07:57 | 77%

⚡charging
08:02 | 74%

08:07 | 72%
08:02 | 74% | 08:02 | 74%

⚡charging
08:07 | 72%

08:12 | 70%
08:07 | 72% | 08:07 | 72%

⚡charging
08:12 | 70%

08:17 | 67%
08:12 | 70% | 08:12 | 70%

⚡charging
08:17 | 67%

08:22 | 65%
08:17 | 67% | 08:17 | 67%

⚡charging
08:22 | 65%

08:27 | 62%
08:22 | 65% | 08:22 | 65%

⚡charging
08:27 | 62%

08:32 | 60%
08:27 | 62% | 08:27 | 62%

⚡charging
08:32 | 60%

08:37 | 56%
08:32 | 60% | 08:32 | 60%

⚡charging
08:37 | 56%

08:42 | 53%
08:37 | 56% | 08:37 | 56%

⚡charging
08:42 | 53%

08:47 | 51%
08:42 | 53% | 08:42 | 53%

⚡charging
08:47 | 51%

08:52 | 49%
08:47 | 51% | 08:47 | 51%

⚡charging
08:52 | 49%

08:57 | 48%
08:52 | 49% | 08:52 | 49%

⚡charging
08:57 | 48%

09:02 | 45%
08:57 | 48% | 08:57 | 48%

⚡charging
09:02 | 45%

09:07 | 43%
09:02 | 45% | 09:02 | 45%

⚡charging
09:07 | 43%

09:12 | 40%
09:07 | 43% | 09:07 | 43%

⚡charging
09:12 | 40%

09:17 | 37%
09:12 | 40% | 09:12 | 40%

⚡charging
09:17 | 37%

09:22 | 34%
09:17 | 37% | 09:17 | 37%

⚡charging
09:22 | 34%

09:27 | 42%
09:22 | 34% | 09:22 | 34%

⚡charging
09:27 | 42%

09:32 | 50%
09:27 | 42% | 09:27 | 42%

⚡charging
09:32 | 50%

09:37 | 57%
09:32 | 50% | 09:32 | 50%

⚡charging
09:37 | 57%

09:42 | 64%
09:37 | 57% | 09:37 | 57%

⚡charging
09:42 | 64%

09:47 | 69%
09:42 | 64% | 09:42 | 64%

⚡charging
09:47 | 69%

09:52 | 75%
09:47 | 69% | 09:47 | 69%

⚡charging
09:52 | 75%

09:57 | 79%
09:52 | 75% | 09:52 | 75%

⚡charging
09:57 | 79%

10:02 | 83%
09:57 | 79% | 09:57 | 79%

⚡charging
10:02 | 83%

10:07 | 87%
10:02 | 83% | 10:02 | 83%

⚡charging
10:07 | 87%

10:12 | 90%
10:07 | 87% | 10:07 | 87%

⚡charging
10:12 | 90%

10:17 | 93%
10:12 | 90% | 10:12 | 90%

⚡charging
10:17 | 93%

10:22 | 96%
10:17 | 93% | 10:17 | 93%

⚡charging
10:22 | 96%

10:27 | 97%
10:22 | 96% | 10:22 | 96%

⚡charging
10:27 | 97%

10:32 | 98%
10:27 | 97% | 10:27 | 97%

⚡charging
10:32 | 98%

10:37 | 99%
10:32 | 98% | 10:32 | 98%

🔌AC
10:32 | 98%
10:37 | 99%

10:42 | 99%
10:37 | 99% | 10:37 | 99%

🔌AC
10:37 | 99%
10:42 | 99%

10:47 | 99%
10:42 | 99% | 10:42 | 99%

🔌AC
10:42 | 99%
10:47 | 99%

10:52 | 100%
10:47 | 99% | 10:47 | 99%

🔌AC
10:47 | 99%
10:52 | 100%

10:57 | 100%
10:52 | 100% | 10:52 | 100%

🔌AC
10:52 | 100%
10:57 | 100%

11:02 | 100%
10:57 | 100% | 10:57 | 100%

🔌AC
10:57 | 100%
11:02 | 100%

11:07 | 100%
11:02 | 100% | 11:02 | 100%

🔌AC
11:02 | 100%
11:07 | 100%

11:12 | 100%
11:07 | 100% | 11:07 | 100%

🔌AC
11:07 | 100%
11:12 | 100%

11:17 | 100%
11:12 | 100% | 11:12 | 100%

🔌AC
11:12 | 100%
11:17 | 100%

11:22 | 100%
11:17 | 100% | 11:17 | 100%

🔌AC
11:17 | 100%
11:22 | 100%

11:27 | 100%
11:22 | 100% | 11:22 | 100%

🔌AC
11:22 | 100%
11:27 | 100%

11:32 | 100%
11:27 | 100% | 11:27 | 100%

🔌AC
11:27 | 100%
11:32 | 100%

11:37 | 100%
11:32 | 100% | 11:32 | 100%

🔌AC
11:32 | 100%
11:37 | 100%

11:42 | 100%
11:37 | 100% | 11:37 | 100%

🔌AC
11:37 | 100%
11:42 | 100%

11:47 | 100%
11:42 | 100% | 11:42 | 100%

🔌AC
11:42 | 100%
11:47 | 100%

11:52 | 100%
11:47 | 100% | 11:47 | 100%

🔌AC
11:47 | 100%
11:52 | 100%

11:57 | 100%
11:52 | 100% | 11:52 | 100%

🔌AC
11:52 | 100%
11:57 | 100%

12:02 | 100%
11:57 | 100% | 11:57 | 100%

🔌AC
11:57 | 100%
12:02 | 100%

12:07 | 100%
12:02 | 100% | 12:02 | 100%

🔌AC
12:02 | 100%
12:07 | 100%

12:12 | 100%
12:07 | 100% | 12:07 | 100%

🔌AC
12:07 | 100%
12:12 | 100%

12:17 | 100%
12:12 | 100% | 12:12 | 100%

🔌AC
12:12 | 100%
12:17 | 100%

12:22 | 100%
12:17 | 100% | 12:17 | 100%

🔌AC
12:17 | 100%
12:22 | 100%

12:27 | 100%
12:22 | 100% | 12:22 | 100%

🔌AC
12:22 | 100%
12:27 | 100%

12:32 | 100%
12:27 | 100% | 12:27 | 100%

🔌AC
12:27 | 100%
12:32 | 100%

12:37 | 100%
12:32 | 100% | 12:32 | 100%

🔌AC
12:32 | 100%
12:37 | 100%

12:42 | 100%
12:37 | 100% | 12:37 | 100%

🔌AC
12:37 | 100%
12:42 | 100%

12:47 | 100%
12:42 | 100% | 12:42 | 100%

🔌AC
12:42 | 100%
12:47 | 100%

12:52 | 100%
12:47 | 100% | 12:47 | 100%

🔌AC
12:47 | 100%
12:52 | 100%

12:57 | 100%
12:52 | 100% | 12:52 | 100%

🔌AC
12:52 | 100%
12:57 | 100%

13:02 | 100%
12:57 | 100% | 12:57 | 100%

🔌AC
12:57 | 100%
13:02 | 100%

13:07 | 100%
13:02 | 100% | 13:02 | 100%

🔌AC
13:02 | 100%
13:07 | 100%

13:12 | 100%
13:07 | 100% | 13:07 | 100%

🔌AC
13:07 | 100%
13:12 | 100%

13:17 | 100%
13:12 | 100% | 13:12 | 100%

🔌AC
13:12 | 100%
13:17 | 100%

13:22 | 100%
13:17 | 100% | 13:17 | 100%

🔌AC
13:17 | 100%
13:22 | 100%

13:27 | 100%
13:22 | 100% | 13:22 | 100%

🔌AC
13:22 | 100%
13:27 | 100%

13:32 | 100%
13:27 | 100% | 13:27 | 100%

🔌AC
13:27 | 100%
13:32 | 100%

13:37 | 100%
13:32 | 100% | 13:32 | 100%

🔌AC
13:32 | 100%
13:37 | 100%

13:42 | 100%
13:37 | 100% | 13:37 | 100%

🔌AC
13:37 | 100%
13:42 | 100%

13:47 | 100%
13:42 | 100% | 13:42 | 100%

🔌AC
13:42 | 100%
13:47 | 100%

13:52 | 100%
13:47 | 100% | 13:47 | 100%

🔌AC
13:47 | 100%
13:52 | 100%

13:57 | 100%
13:52 | 100% | 13:52 | 100%

🔌AC
13:52 | 100%
13:57 | 100%

14:02 | 100%
13:57 | 100% | 13:57 | 100%

🔌AC
13:57 | 100%
14:02 | 100%

14:07 | 100%
14:02 | 100% | 14:02 | 100%

🔌AC
14:02 | 100%
14:07 | 100%

14:12 | 100%
14:07 | 100% | 14:07 | 100%

🔌AC
14:07 | 100%
14:12 | 100%

14:17 | 100%
14:12 | 100% | 14:12 | 100%

🔌AC
14:12 | 100%
14:17 | 100%

14:22 | 100%
14:17 | 100% | 14:17 | 100%

🔌AC
14:17 | 100%
14:22 | 100%

14:27 | 100%
14:22 | 100% | 14:22 | 100%

🔌AC
14:22 | 100%
14:27 | 100%

14:32 | 100%
14:27 | 100% | 14:27 | 100%

🔌AC
14:27 | 100%
14:32 | 100%

14:37 | 100%
14:32 | 100% | 14:32 | 100%

🔌AC
14:32 | 100%
14:37 | 100%

14:42 | 100%
14:37 | 100% | 14:37 | 100%

🔌AC
14:37 | 100%
14:42 | 100%

14:47 | 100%
14:42 | 100% | 14:42 | 100%

🔌AC
14:42 | 100%
14:47 | 100%

14:52 | 100%
14:47 | 100% | 14:47 | 100%

🔌AC
14:47 | 100%
14:52 | 100%

14:57 | 100%
14:52 | 100% | 14:52 | 100%

🔌AC
14:52 | 100%
14:57 | 100%

15:02 | 100%
14:57 | 100% | 14:57 | 100%

🔌AC
14:57 | 100%
15:02 | 100%

15:07 | 100%
15:02 | 100% | 15:02 | 100%

🔌AC
15:02 | 100%
15:07 | 100%

15:12 | 100%
15:07 | 100% | 15:07 | 100%

🔌AC
15:07 | 100%
15:12 | 100%

15:17 | 100%
15:12 | 100% | 15:12 | 100%

🔌AC
15:12 | 100%
15:17 | 100%

15:22 | 100%
15:17 | 100% | 15:17 | 100%

🔌AC
15:17 | 100%
15:22 | 100%

15:27 | 100%
15:22 | 100% | 15:22 | 100%

⚡charging
15:27 | 100%

15:32 | 100%
15:27 | 100% | 15:27 | 100%

⚡charging
15:32 | 100%

15:37 | 100%
15:32 | 100% | 15:32 | 100%

⚡charging
15:37 | 100%

15:42 | 99%
15:37 | 100% | 15:37 | 100%

⚡charging
15:42 | 99%

15:47 | 97%
15:42 | 99% | 15:42 | 99%

⚡charging
15:47 | 97%

15:52 | 96%
15:47 | 97% | 15:47 | 97%

⚡charging
15:52 | 96%

15:57 | 94%
15:52 | 96% | 15:52 | 96%

⚡charging
15:57 | 94%

16:02 | 92%
15:57 | 94% | 15:57 | 94%

⚡charging
16:02 | 92%

16:07 | 91%
16:02 | 92% | 16:02 | 92%

⚡charging
16:07 | 91%

16:12 | 89%
16:07 | 91% | 16:07 | 91%

⚡charging
16:12 | 89%

16:17 | 88%
16:12 | 89% | 16:12 | 89%

⚡charging
16:17 | 88%

16:22 | 86%
16:17 | 88% | 16:17 | 88%

⚡charging
16:22 | 86%

16:27 | 85%
16:22 | 86% | 16:22 | 86%

⚡charging
16:27 | 85%

16:32 | 83%
16:27 | 85% | 16:27 | 85%

⚡charging
16:32 | 83%

16:37 | 82%
16:32 | 83% | 16:32 | 83%

⚡charging
16:37 | 82%

16:42 | 80%
16:37 | 82% | 16:37 | 82%

⚡charging
16:42 | 80%

16:47 | 79%
16:42 | 80% | 16:42 | 80%

⚡charging
16:47 | 79%

16:52 | 76%
16:47 | 79% | 16:47 | 79%

⚡charging
16:52 | 76%

16:57 | 74%
16:52 | 76% | 16:52 | 76%

⚡charging
16:57 | 74%

17:02 | 72%
16:57 | 74% | 16:57 | 74%

⚡charging
17:02 | 72%

17:07 | 71%
17:02 | 72% | 17:02 | 72%

⚡charging
17:07 | 71%

17:12 | 74%
17:07 | 71% | 17:07 | 71%

⚡charging
17:12 | 74%

17:17 | 79%
17:12 | 74% | 17:12 | 74%

⚡charging
17:17 | 79%

17:22 | 83%
17:17 | 79% | 17:17 | 79%

⚡charging
17:22 | 83%

17:27 | 86%
17:22 | 83% | 17:22 | 83%

⚡charging
17:27 | 86%

17:32 | 90%
17:27 | 86% | 17:27 | 86%

⚡charging
17:32 | 90%

17:37 | 93%
17:32 | 90% | 17:32 | 90%

⚡charging
17:37 | 93%

17:42 | 96%
17:37 | 93% | 17:37 | 93%

⚡charging
17:42 | 96%

17:47 | 97%
17:42 | 96% | 17:42 | 96%

⚡charging
17:47 | 97%

17:52 | 99%
17:47 | 97% | 17:47 | 97%

🔌AC
17:47 | 97%
17:52 | 99%

17:57 | 99%
17:52 | 99% | 17:52 | 99%

🔌AC
17:52 | 99%
17:57 | 99%

18:02 | 99%
17:57 | 99% | 17:57 | 99%

🔌AC
17:57 | 99%
18:02 | 99%

18:07 | 100%
18:02 | 99% | 18:02 | 99%

🔌AC
18:02 | 99%
18:07 | 100%

18:12 | 100%
18:07 | 100% | 18:07 | 100%

🔌AC
18:07 | 100%
18:12 | 100%

18:17 | 100%
18:12 | 100% | 18:12 | 100%

🔌AC
18:12 | 100%
18:17 | 100%

18:22 | 100%
18:17 | 100% | 18:17 | 100%

🔌AC
18:17 | 100%
18:22 | 100%

18:27 | 100%
18:22 | 100% | 18:22 | 100%

🔌AC
18:22 | 100%
18:27 | 100%

18:32 | 100%
18:27 | 100% | 18:27 | 100%

🔌AC
18:27 | 100%
18:32 | 100%

18:37 | 100%
18:32 | 100% | 18:32 | 100%

🔌AC
18:32 | 100%
18:37 | 100%

18:42 | 100%
18:37 | 100% | 18:37 | 100%

🔌AC
18:37 | 100%
18:42 | 100%

18:47 | 100%
18:42 | 100% | 18:42 | 100%

🔌AC
18:42 | 100%
18:47 | 100%

18:52 | 100%
18:47 | 100% | 18:47 | 100%

🔌AC
18:47 | 100%
18:52 | 100%

18:57 | 100%
18:52 | 100% | 18:52 | 100%

🔌AC
18:52 | 100%
18:57 | 100%

19:02 | 100%
18:57 | 100% | 18:57 | 100%

🔌AC
18:57 | 100%
19:02 | 100%

19:07 | 100%
19:02 | 100% | 19:02 | 100%

🔌AC
19:02 | 100%
19:07 | 100%

19:12 | 100%
19:07 | 100% | 19:07 | 100%

🔌AC
19:07 | 100%
19:12 | 100%

19:17 | 100%
19:12 | 100% | 19:12 | 100%

🔌AC
19:12 | 100%
19:17 | 100%

19:22 | 100%
19:17 | 100% | 19:17 | 100%

⚡charging
19:22 | 100%

19:27 | 100%
19:22 | 100% | 19:22 | 100%

⚡charging
19:27 | 100%

19:32 | 100%
19:27 | 100% | 19:27 | 100%

⚡charging
19:32 | 100%

19:37 | 98%
19:32 | 100% | 19:32 | 100%

⚡charging
19:37 | 98%

19:42 | 96%
19:37 | 98% | 19:37 | 98%

⚡charging
19:42 | 96%

19:47 | 94%
19:42 | 96% | 19:42 | 96%

⚡charging
19:47 | 94%

19:52 | 92%
19:47 | 94% | 19:47 | 94%

⚡charging
19:52 | 92%

19:57 | 90%
19:52 | 92% | 19:52 | 92%

⚡charging
19:57 | 90%

20:02 | 88%
19:57 | 90% | 19:57 | 90%

⚡charging
20:02 | 88%

20:07 | 86%
20:02 | 88% | 20:02 | 88%

⚡charging
20:07 | 86%

20:12 | 84%
20:07 | 86% | 20:07 | 86%

⚡charging
20:12 | 84%

20:17 | 82%
20:12 | 84% | 20:12 | 84%

⚡charging
20:17 | 82%

20:22 | 79%
20:17 | 82% | 20:17 | 82%

⚡charging
20:22 | 79%

20:27 | 77%
20:22 | 79% | 20:22 | 79%

⚡charging
20:27 | 77%

20:32 | 75%
20:27 | 77% | 20:27 | 77%

⚡charging
20:32 | 75%

20:37 | 73%
20:32 | 75% | 20:32 | 75%

⚡charging
20:37 | 73%

20:42 | 71%
20:37 | 73% | 20:37 | 73%

⚡charging
20:42 | 71%

20:47 | 68%
20:42 | 71% | 20:42 | 71%

⚡charging
20:47 | 68%

20:52 | 66%
20:47 | 68% | 20:47 | 68%

⚡charging
20:52 | 66%

20:57 | 64%
20:52 | 66% | 20:52 | 66%

⚡charging
20:57 | 64%

21:02 | 62%
20:57 | 64% | 20:57 | 64%

⚡charging
21:02 | 62%

21:07 | 60%
21:02 | 62% | 21:02 | 62%

⚡charging
21:07 | 60%

21:12 | 57%
21:07 | 60% | 21:07 | 60%

⚡charging
21:12 | 57%

21:17 | 55%
21:12 | 57% | 21:12 | 57%

⚡charging
21:17 | 55%

21:22 | 53%
21:17 | 55% | 21:17 | 55%

⚡charging
21:22 | 53%

21:27 | 51%
21:22 | 53% | 21:22 | 53%

⚡charging
21:27 | 51%

21:32 | 48%
21:27 | 51% | 21:27 | 51%

⚡charging
21:32 | 48%

21:37 | 46%
21:32 | 48% | 21:32 | 48%

⚡charging
21:37 | 46%

21:42 | 44%
21:37 | 46% | 21:37 | 46%

⚡charging
21:42 | 44%

21:47 | 41%
21:42 | 44% | 21:42 | 44%

⚡charging
21:47 | 41%

21:52 | 38%
21:47 | 41% | 21:47 | 41%

⚡charging
21:52 | 38%

21:57 | 35%
21:52 | 38% | 21:52 | 38%

⚡charging
21:57 | 35%

22:02 | 33%
21:57 | 35% | 21:57 | 35%

⚡charging
22:02 | 33%

22:07 | 30%
22:02 | 33% | 22:02 | 33%

⚡charging
22:07 | 30%

22:12 | 27%
22:07 | 30% | 22:07 | 30%

⚡charging
22:12 | 27%

22:17 | 24%
22:12 | 27% | 22:12 | 27%

⚡charging
22:17 | 24%

22:22 | 21%
22:17 | 24% | 22:17 | 24%

⚡charging
22:22 | 21%

22:27 | 18%
22:22 | 21% | 22:22 | 21%

⚡charging
22:27 | 18%

22:32 | 16%
22:27 | 18% | 22:27 | 18%

⚡charging
22:32 | 16%

22:37 | 13%
22:32 | 16% | 22:32 | 16%

⚡charging
22:37 | 13%

22:42 | 11%
22:37 | 13% | 22:37 | 13%

⚡charging
22:42 | 11%

22:47 | 8%
22:42 | 11% | 22:42 | 11%

⚡charging
22:47 | 8%

22:52 | 13%
22:47 | 8% | 22:47 | 8%

⚡charging
22:52 | 13%

22:57 | 21%
22:52 | 13% | 22:52 | 13%

⚡charging
22:57 | 21%

23:02 | 29%
22:57 | 21% | 22:57 | 21%

⚡charging
23:02 | 29%

23:07 | 37%
23:02 | 29% | 23:02 | 29%

⚡charging
23:07 | 37%

23:12 | 45%
23:07 | 37% | 23:07 | 37%

⚡charging
23:12 | 45%

23:17 | 53%
23:12 | 45% | 23:12 | 45%

⚡charging
23:17 | 53%

23:22 | 61%
23:17 | 53% | 23:17 | 53%

⚡charging
23:22 | 61%

23:27 | 67%
23:22 | 61% | 23:22 | 61%

⚡charging
23:27 | 67%

23:32 | 72%
23:27 | 67% | 23:27 | 67%

⚡charging
23:32 | 72%

23:37 | 77%
23:32 | 72% | 23:32 | 72%

⚡charging
23:37 | 77%

23:42 | 80%
23:37 | 77% | 23:37 | 77%

⚡charging
23:42 | 80%

23:47 | 84%
23:42 | 80% | 23:42 | 80%

⚡charging
23:47 | 84%

23:52 | 88%
23:47 | 84% | 23:47 | 84%

⚡charging
23:52 | 88%

23:57 | 91%
23:52 | 88% | 23:52 | 88%

⚡charging
23:57 | 91%

00:02 | 93%
23:57 | 91% | 23:57 | 91%

⚡charging
00:02 | 93%

00:07 | 95%
00:02 | 93% | 00:02 | 93%

⚡charging
00:07 | 95%

00:12 | 96%
00:07 | 95% | 00:07 | 95%

⚡charging
00:12 | 96%

00:17 | 97%
00:12 | 96% | 00:12 | 96%

⚡charging
00:17 | 97%

00:22 | 98%
00:17 | 97% | 00:17 | 97%

⚡charging
00:22 | 98%

00:27 | 99%
00:22 | 98% | 00:22 | 98%

🔌AC
00:22 | 98%
00:27 | 99%

00:32 | 99%
00:27 | 99% | 00:27 | 99%

🔌AC
00:27 | 99%
00:32 | 99%

00:37 | 100%
00:32 | 99% | 00:32 | 99%

🔌AC
00:32 | 99%
00:37 | 100%

00:42 | 100%
00:37 | 100% | 00:37 | 100%

🔌AC
00:37 | 100%
00:42 | 100%

00:47 | 100%
00:42 | 100% | 00:42 | 100%

🔌AC
00:42 | 100%
00:47 | 100%

00:52 | 100%
00:47 | 100% | 00:47 | 100%

🔌AC
00:47 | 100%
00:52 | 100%

00:57 | 100%
00:52 | 100% | 00:52 | 100%

🔌AC
00:52 | 100%
00:57 | 100%

01:02 | 100%
00:57 | 100% | 00:57 | 100%

🔌AC
00:57 | 100%
01:02 | 100%

01:07 | 100%
01:02 | 100% | 01:02 | 100%

🔌AC
01:02 | 100%
01:07 | 100%

01:12 | 100%
01:07 | 100% | 01:07 | 100%

🔌AC
01:07 | 100%
01:12 | 100%

01:17 | 100%
01:12 | 100% | 01:12 | 100%

🔌AC
01:12 | 100%
01:17 | 100%

01:22 | 100%
01:17 | 100% | 01:17 | 100%

🔌AC
01:17 | 100%
01:22 | 100%

01:27 | 100%
01:22 | 100% | 01:22 | 100%

🔌AC
01:22 | 100%
01:27 | 100%

01:32 | 100%
01:27 | 100% | 01:27 | 100%

🔌AC
01:27 | 100%
01:32 | 100%

01:37 | 100%
01:32 | 100% | 01:32 | 100%

🔌AC
01:32 | 100%
01:37 | 100%

01:42 | 100%
01:37 | 100% | 01:37 | 100%

🔌AC
01:37 | 100%
01:42 | 100%

01:47 | 100%
01:42 | 100% | 01:42 | 100%

🔌AC
01:42 | 100%
01:47 | 100%

01:52 | 100%
01:47 | 100% | 01:47 | 100%

🔌AC
01:47 | 100%
01:52 | 100%

01:57 | 100%
01:52 | 100% | 01:52 | 100%

🔌AC
01:52 | 100%
01:57 | 100%

02:02 | 100%
01:57 | 100% | 01:57 | 100%

🔌AC
01:57 | 100%
02:02 | 100%

02:07 | 100%
02:02 | 100% | 02:02 | 100%

🔌AC
02:02 | 100%
02:07 | 100%

02:12 | 100%
02:07 | 100% | 02:07 | 100%

🔌AC
02:07 | 100%
02:12 | 100%

02:17 | 100%
02:12 | 100% | 02:12 | 100%

🔌AC
02:12 | 100%
02:17 | 100%

02:22 | 100%
02:17 | 100% | 02:17 | 100%

🔌AC
02:17 | 100%
02:22 | 100%

02:27 | 100%
02:22 | 100% | 02:22 | 100%

🔌AC
02:22 | 100%
02:27 | 100%

02:32 | 100%
02:27 | 100% | 02:27 | 100%

🔌AC
02:27 | 100%
02:32 | 100%

02:37 | 100%
02:32 | 100% | 02:32 | 100%

🔌AC
02:32 | 100%
02:37 | 100%

02:42 | 100%
02:37 | 100% | 02:37 | 100%

🔌AC
02:37 | 100%
02:42 | 100%

02:47 | 100%
02:42 | 100% | 02:42 | 100%

🔌AC
02:42 | 100%
02:47 | 100%

02:52 | 100%
02:47 | 100% | 02:47 | 100%

🔌AC
02:47 | 100%
02:52 | 100%

02:57 | 100%
02:52 | 100% | 02:52 | 100%

🔌AC
02:52 | 100%
02:57 | 100%

03:02 | 100%
02:57 | 100% | 02:57 | 100%

🔌AC
02:57 | 100%
03:02 | 100%

03:07 | 100%
03:02 | 100% | 03:02 | 100%

🔌AC
03:02 | 100%
03:07 | 100%

03:12 | 100%
03:07 | 100% | 03:07 | 100%

🔌AC
03:07 | 100%
03:12 | 100%

03:17 | 100%
03:12 | 100% | 03:12 | 100%

🔌AC
03:12 | 100%
03:17 | 100%

03:22 | 100%
03:17 | 100% | 03:17 | 100%

🔌AC
03:17 | 100%
03:22 | 100%

03:27 | 100%
03:22 | 100% | 03:22 | 100%

🔌AC
03:22 | 100%
03:27 | 100%

03:32 | 100%
03:27 | 100% | 03:27 | 100%

🔌AC
03:27 | 100%
03:32 | 100%

03:37 | 100%
03:32 | 100% | 03:32 | 100%

🔌AC
03:32 | 100%
03:37 | 100%

03:42 | 100%
03:37 | 100% | 03:37 | 100%

🔌AC
03:37 | 100%
03:42 | 100%

03:47 | 100%
03:42 | 100% | 03:42 | 100%

🔌AC
03:42 | 100%
03:47 | 100%

03:52 | 100%
03:47 | 100% | 03:47 | 100%

🔌AC
03:47 | 100%
03:52 | 100%

03:57 | 100%
03:52 | 100% | 03:52 | 100%

🔌AC
03:52 | 100%
03:57 | 100%

04:02 | 100%
03:57 | 100% | 03:57 | 100%

🔌AC
03:57 | 100%
04:02 | 100%

04:07 | 100%
04:02 | 100% | 04:02 | 100%

🔌AC
04:02 | 100%
04:07 | 100%

04:12 | 100%
04:07 | 100% | 04:07 | 100%

🔌AC
04:07 | 100%
04:12 | 100%

04:17 | 100%
04:12 | 100% | 04:12 | 100%

🔌AC
04:12 | 100%
04:17 | 100%

04:22 | 100%
04:17 | 100% | 04:17 | 100%

🔌AC
04:17 | 100%
04:22 | 100%

04:27 | 100%
04:22 | 100% | 04:22 | 100%

🔌AC
04:22 | 100%
04:27 | 100%

04:32 | 100%
04:27 | 100% | 04:27 | 100%

🔌AC
04:27 | 100%
04:32 | 100%

04:37 | 100%
04:32 | 100% | 04:32 | 100%

🔌AC
04:32 | 100%
04:37 | 100%

04:42 | 100%
04:37 | 100% | 04:37 | 100%

🔌AC
04:37 | 100%
04:42 | 100%

04:47 | 100%
04:42 | 100% | 04:42 | 100%

🔌AC
04:42 | 100%
04:47 | 100%

04:52 | 100%
04:47 | 100% | 04:47 | 100%

🔌AC
04:47 | 100%
04:52 | 100%

04:57 | 100%
04:52 | 100% | 04:52 | 100%

🔌AC
04:52 | 100%
04:57 | 100%

05:02 | 100%
04:57 | 100% | 04:57 | 100%

🔌AC
04:57 | 100%
05:02 | 100%

05:07 | 100%
05:02 | 100% | 05:02 | 100%

🔌AC
05:02 | 100%
05:07 | 100%

05:12 | 100%
05:07 | 100% | 05:07 | 100%

🔌AC
05:07 | 100%
05:12 | 100%

05:17 | 100%
05:12 | 100% | 05:12 | 100%

🔌AC
05:12 | 100%
05:17 | 100%

05:22 | 100%
05:17 | 100% | 05:17 | 100%

🔌AC
05:17 | 100%
05:22 | 100%

05:27 | 100%
05:22 | 100% | 05:22 | 100%

🔌AC
05:22 | 100%
05:27 | 100%

05:32 | 100%
05:27 | 100% | 05:27 | 100%

🔌AC
05:27 | 100%
05:32 | 100%

05:37 | 100%
05:32 | 100% | 05:32 | 100%

🔌AC
05:32 | 100%
05:37 | 100%

05:42 | 100%
05:37 | 100% | 05:37 | 100%

🔌AC
05:37 | 100%
05:42 | 100%

05:47 | 100%
05:42 | 100% | 05:42 | 100%

🔌AC
05:42 | 100%
05:47 | 100%

05:52 | 100%
05:47 | 100% | 05:47 | 100%

🔌AC
05:47 | 100%
05:52 | 100%

05:57 | 100%
05:52 | 100% | 05:52 | 100%

🔌AC
05:52 | 100%
05:57 | 100%

06:02 | 100%
05:57 | 100% | 05:57 | 100%

🔌AC
05:57 | 100%
06:02 | 100%

06:07 | 100%
06:02 | 100% | 06:02 | 100%

🔌AC
06:02 | 100%
06:07 | 100%

06:12 | 100%
06:07 | 100% | 06:07 | 100%

🔌AC
06:07 | 100%
06:12 | 100%

06:17 | 100%
06:12 | 100% | 06:12 | 100%

🔌AC
06:12 | 100%
06:17 | 100%

06:22 | 100%
06:17 | 100% | 06:17 | 100%

🔌AC
06:17 | 100%
06:22 | 100%

06:27 | 100%
06:22 | 100% | 06:22 | 100%

🔌AC
06:22 | 100%
06:27 | 100%

06:32 | 100%
06:27 | 100% | 06:27 | 100%

🔌AC
06:27 | 100%
06:32 | 100%

06:37 | 100%
06:32 | 100% | 06:32 | 100%

🔌AC
06:32 | 100%
06:37 | 100%

06:42 | 100%
06:37 | 100% | 06:37 | 100%

🔌AC
06:37 | 100%
06:42 | 100%

06:47 | 100%
06:42 | 100% | 06:42 | 100%

🔌AC
06:42 | 100%
06:47 | 100%

06:52 | 100%
06:47 | 100% | 06:47 | 100%

🔌AC
06:47 | 100%
06:52 | 100%

06:57 | 100%
06:52 | 100% | 06:52 | 100%

🔌AC
06:52 | 100%
06:57 | 100%

07:02 | 100%
06:57 | 100% | 06:57 | 100%

🔌AC
06:57 | 100%
07:02 | 100%

07:07 | 100%
07:02 | 100% | 07:02 | 100%

🔌AC
07:02 | 100%
07:07 | 100%

07:12 | 100%
07:07 | 100% | 07:07 | 100%

🔌AC
07:07 | 100%
07:12 | 100%

07:17 | 100%
07:12 | 100% | 07:12 | 100%

🔌AC
07:12 | 100%
07:17 | 100%

07:22 | 100%
07:17 | 100% | 07:17 | 100%

🔌AC
07:17 | 100%
07:22 | 100%

07:27 | 100%
07:22 | 100% | 07:22 | 100%

🔌AC
07:22 | 100%
07:27 | 100%

07:32 | 100%
07:27 | 100% | 07:27 | 100%

🔌AC
07:27 | 100%
07:32 | 100%

07:37 | 100%
07:32 | 100% | 07:32 | 100%

🔌AC
07:32 | 100%
07:37 | 100%

07:42 | 100%
07:37 | 100% | 07:37 | 100%

🔌AC
07:37 | 100%
07:42 | 100%

07:47 | 100%
07:42 | 100% | 07:42 | 100%

🔌AC
07:42 | 100%
07:47 | 100%

07:52 | 100%
07:47 | 100% | 07:47 | 100%

🔌AC
07:47 | 100%
07:52 | 100%

07:57 | 100%
07:52 | 100% | 07:52 | 100%

🔌AC
07:52 | 100%
07:57 | 100%

08:02 | 100%
07:57 | 100% | 07:57 | 100%

🔌AC
07:57 | 100%
08:02 | 100%

08:07 | 100%
08:02 | 100% | 08:02 | 100%

⚡charging
08:07 | 100%

08:12 | 100%
08:07 | 100% | 08:07 | 100%

⚡charging
08:12 | 100%

08:17 | 100%
08:12 | 100% | 08:12 | 100%

⚡charging
08:17 | 100%

08:22 | 100%
08:17 | 100% | 08:17 | 100%

⚡charging
08:22 | 100%

08:27 | 97%
08:22 | 100% | 08:22 | 100%

⚡charging
08:27 | 97%

08:32 | 94%
08:27 | 97% | 08:27 | 97%

⚡charging
08:32 | 94%

08:37 | 90%
08:32 | 94% | 08:32 | 94%

⚡charging
08:37 | 90%

08:42 | 86%
08:37 | 90% | 08:37 | 90%

⚡charging
08:42 | 86%

08:47 | 82%
08:42 | 86% | 08:42 | 86%

⚡charging
08:47 | 82%

08:52 | 80%
08:47 | 82% | 08:47 | 82%

⚡charging
08:52 | 80%

08:57 | 78%
08:52 | 80% | 08:52 | 80%

⚡charging
08:57 | 78%

09:02 | 76%
08:57 | 78% | 08:57 | 78%

⚡charging
09:02 | 76%

09:07 | 72%
09:02 | 76% | 09:02 | 76%

⚡charging
09:07 | 72%

09:12 | 70%
09:07 | 72% | 09:07 | 72%

⚡charging
09:12 | 70%

09:17 | 68%
09:12 | 70% | 09:12 | 70%

⚡charging
09:17 | 68%

09:22 | 65%
09:17 | 68% | 09:17 | 68%

⚡charging
09:22 | 65%

09:27 | 62%
09:22 | 65% | 09:22 | 65%

⚡charging
09:27 | 62%

09:32 | 60%
09:27 | 62% | 09:27 | 62%

⚡charging
09:32 | 60%

09:37 | 59%
09:32 | 60% | 09:32 | 60%

⚡charging
09:37 | 59%

09:42 | 55%
09:37 | 59% | 09:37 | 59%

⚡charging
09:42 | 55%

09:47 | 52%
09:42 | 55% | 09:42 | 55%

⚡charging
09:47 | 52%

09:52 | 50%
09:47 | 52% | 09:47 | 52%

⚡charging
09:52 | 50%

09:57 | 46%
09:52 | 50% | 09:52 | 50%

⚡charging
09:57 | 46%

10:02 | 44%
09:57 | 46% | 09:57 | 46%

⚡charging
10:02 | 44%

10:07 | 40%
10:02 | 44% | 10:02 | 44%

⚡charging
10:07 | 40%

10:12 | 37%
10:07 | 40% | 10:07 | 40%

⚡charging
10:12 | 37%

10:17 | 34%
10:12 | 37% | 10:12 | 37%

⚡charging
10:17 | 34%

10:22 | 32%
10:17 | 34% | 10:17 | 34%

⚡charging
10:22 | 32%

10:27 | 29%
10:22 | 32% | 10:22 | 32%

⚡charging
10:27 | 29%

10:32 | 26%
10:27 | 29% | 10:27 | 29%

⚡charging
10:32 | 26%

10:37 | 22%
10:32 | 26% | 10:32 | 26%

⚡charging
10:37 | 22%

10:42 | 20%
10:37 | 22% | 10:37 | 22%

⚡charging
10:42 | 20%

10:47 | 25%
10:42 | 20% | 10:42 | 20%

⚡charging
10:47 | 25%

10:52 | 33%
10:47 | 25% | 10:47 | 25%

⚡charging
10:52 | 33%

10:57 | 41%
10:52 | 33% | 10:52 | 33%

⚡charging
10:57 | 41%

11:02 | 49%
10:57 | 41% | 10:57 | 41%

⚡charging
11:02 | 49%

11:07 | 57%
11:02 | 49% | 11:02 | 49%

⚡charging
11:07 | 57%

11:12 | 63%
11:07 | 57% | 11:07 | 57%

⚡charging
11:12 | 63%

11:17 | 64%
11:12 | 63% | 11:12 | 63%

⚡charging
11:17 | 64%

11:22 | 62%
11:17 | 64% | 11:17 | 64%

⚡charging
11:22 | 62%

11:27 | 59%
11:22 | 62% | 11:22 | 62%

⚡charging
11:27 | 59%

11:32 | 55%
11:27 | 59% | 11:27 | 59%

⚡charging
11:32 | 55%

11:37 | 60%
11:32 | 55% | 11:32 | 55%

⚡charging
11:37 | 60%

11:42 | 66%
11:37 | 60% | 11:37 | 60%

⚡charging
11:42 | 66%

11:47 | 71%
11:42 | 66% | 11:42 | 66%

⚡charging
11:47 | 71%

11:52 | 76%
11:47 | 71% | 11:47 | 71%

⚡charging
11:52 | 76%

11:57 | 80%
11:52 | 76% | 11:52 | 76%

⚡charging
11:57 | 80%

12:02 | 83%
11:57 | 80% | 11:57 | 80%

⚡charging
12:02 | 83%

12:07 | 87%
12:02 | 83% | 12:02 | 83%

⚡charging
12:07 | 87%

12:12 | 91%
12:07 | 87% | 12:07 | 87%

⚡charging
12:12 | 91%

12:17 | 93%
12:12 | 91% | 12:12 | 91%

⚡charging
12:17 | 93%

12:22 | 93%
12:17 | 93% | 12:17 | 93%

⚡charging
12:22 | 93%

12:27 | 91%
12:22 | 93% | 12:22 | 93%

⚡charging
12:27 | 91%

12:32 | 88%
12:27 | 91% | 12:27 | 91%

⚡charging
12:32 | 88%

12:37 | 85%
12:32 | 88% | 12:32 | 88%

⚡charging
12:37 | 85%

12:42 | 82%
12:37 | 85% | 12:37 | 85%

⚡charging
12:42 | 82%

12:47 | 78%
12:42 | 82% | 12:42 | 82%

⚡charging
12:47 | 78%

12:52 | 75%
12:47 | 78% | 12:47 | 78%

⚡charging
12:52 | 75%

12:57 | 73%
12:52 | 75% | 12:52 | 75%

⚡charging
12:57 | 73%

13:02 | 71%
12:57 | 73% | 12:57 | 73%

⚡charging
13:02 | 71%

13:07 | 68%
13:02 | 71% | 13:02 | 71%

⚡charging
13:07 | 68%

13:12 | 65%
13:07 | 68% | 13:07 | 68%

⚡charging
13:12 | 65%

13:17 | 63%
13:12 | 65% | 13:12 | 65%

⚡charging
13:17 | 63%

13:22 | 60%
13:17 | 63% | 13:17 | 63%

⚡charging
13:22 | 60%

13:27 | 58%
13:22 | 60% | 13:22 | 60%

⚡charging
13:27 | 58%

13:32 | 64%
13:27 | 58% | 13:27 | 58%

⚡charging
13:32 | 64%

13:37 | 69%
13:32 | 64% | 13:32 | 64%

⚡charging
13:37 | 69%

13:42 | 75%
13:37 | 69% | 13:37 | 69%

⚡charging
13:42 | 75%

13:47 | 79%
13:42 | 75% | 13:42 | 75%

⚡charging
13:47 | 79%

13:52 | 83%
13:47 | 79% | 13:47 | 79%

⚡charging
13:52 | 83%

13:57 | 86%
13:52 | 83% | 13:52 | 83%

⚡charging
13:57 | 86%

14:02 | 86%
13:57 | 86% | 13:57 | 86%

⚡charging
14:02 | 86%

14:07 | 86%
14:02 | 86% | 14:02 | 86%

⚡charging
14:07 | 86%

14:12 | 86%
14:07 | 86% | 14:07 | 86%

⚡charging
14:12 | 86%

14:17 | 85%
14:12 | 86% | 14:12 | 86%

⚡charging
14:17 | 85%

14:22 | 84%
14:17 | 85% | 14:17 | 85%

⚡charging
14:22 | 84%

14:27 | 83%
14:22 | 84% | 14:22 | 84%

⚡charging
14:27 | 83%

14:32 | 81%
14:27 | 83% | 14:27 | 83%

⚡charging
14:32 | 81%

14:37 | 81%
14:32 | 81% | 14:32 | 81%

⚡charging
14:37 | 81%

14:42 | 84%
14:37 | 81% | 14:37 | 81%

⚡charging
14:42 | 84%

14:47 | 88%
14:42 | 84% | 14:42 | 84%

⚡charging
14:47 | 88%

14:52 | 91%
14:47 | 88% | 14:47 | 88%

⚡charging
14:52 | 91%

14:57 | 94%
14:52 | 91% | 14:52 | 91%

⚡charging
14:57 | 94%

15:02 | 95%
14:57 | 94% | 14:57 | 94%

⚡charging
15:02 | 95%

15:07 | 97%
15:02 | 95% | 15:02 | 95%

⚡charging
15:07 | 97%

15:12 | 98%
15:07 | 97% | 15:07 | 97%

⚡charging
15:12 | 98%

15:17 | 98%
15:12 | 98% | 15:12 | 98%

⚡charging
15:17 | 98%

15:22 | 100%
15:17 | 98% | 15:17 | 98%

🔌AC
15:17 | 98%
15:22 | 100%

15:27 | 100%
15:22 | 100% | 15:22 | 100%

🔌AC
15:22 | 100%
15:27 | 100%

15:32 | 100%
15:27 | 100% | 15:27 | 100%

🔌AC
15:27 | 100%
15:32 | 100%

15:37 | 100%
15:32 | 100% | 15:32 | 100%

🔌AC
15:32 | 100%
15:37 | 100%

15:42 | 100%
15:37 | 100% | 15:37 | 100%

🔌AC
15:37 | 100%
15:42 | 100%

15:47 | 100%
15:42 | 100% | 15:42 | 100%

🔌AC
15:42 | 100%
15:47 | 100%

15:52 | 100%
15:47 | 100% | 15:47 | 100%

🔌AC
15:47 | 100%
15:52 | 100%

15:57 | 100%
15:52 | 100% | 15:52 | 100%

🔌AC
15:52 | 100%
15:57 | 100%

16:02 | 100%
15:57 | 100% | 15:57 | 100%

🔌AC
15:57 | 100%
16:02 | 100%

16:07 | 100%
16:02 | 100% | 16:02 | 100%

🔌AC
16:02 | 100%
16:07 | 100%

16:12 | 100%
16:07 | 100% | 16:07 | 100%

🔌AC
16:07 | 100%
16:12 | 100%

16:17 | 100%
16:12 | 100% | 16:12 | 100%

🔌AC
16:12 | 100%
16:17 | 100%

16:22 | 100%
16:17 | 100% | 16:17 | 100%

🔌AC
16:17 | 100%
16:22 | 100%

16:27 | 100%
16:22 | 100% | 16:22 | 100%

🔌AC
16:22 | 100%
16:27 | 100%

16:32 | 100%
16:27 | 100% | 16:27 | 100%

🔌AC
16:27 | 100%
16:32 | 100%

16:37 | 100%
16:32 | 100% | 16:32 | 100%

🔌AC
16:32 | 100%
16:37 | 100%

16:42 | 100%
16:37 | 100% | 16:37 | 100%

🔌AC
16:37 | 100%
16:42 | 100%

16:47 | 100%
16:42 | 100% | 16:42 | 100%

🔌AC
16:42 | 100%
16:47 | 100%

16:52 | 100%
16:47 | 100% | 16:47 | 100%

🔌AC
16:47 | 100%
16:52 | 100%

16:57 | 100%
16:52 | 100% | 16:52 | 100%

🔌AC
16:52 | 100%
16:57 | 100%

17:02 | 100%
16:57 | 100% | 16:57 | 100%

🔌AC
16:57 | 100%
17:02 | 100%

17:07 | 100%
17:02 | 100% | 17:02 | 100%

🔌AC
17:02 | 100%
17:07 | 100%

17:12 | 100%
17:07 | 100% | 17:07 | 100%

🔌AC
17:07 | 100%
17:12 | 100%

17:17 | 100%
17:12 | 100% | 17:12 | 100%

🔌AC
17:12 | 100%
17:17 | 100%

17:22 | 100%
17:17 | 100% | 17:17 | 100%

🔌AC
17:17 | 100%
17:22 | 100%

17:27 | 100%
17:22 | 100% | 17:22 | 100%

🔌AC
17:22 | 100%
17:27 | 100%

17:32 | 100%
17:27 | 100% | 17:27 | 100%

🔌AC
17:27 | 100%
17:32 | 100%

17:37 | 100%
17:32 | 100% | 17:32 | 100%

🔌AC
17:32 | 100%
17:37 | 100%

17:42 | 100%
17:37 | 100% | 17:37 | 100%

🔌AC
17:37 | 100%
17:42 | 100%

17:47 | 100%
17:42 | 100% | 17:42 | 100%

🔌AC
17:42 | 100%
17:47 | 100%

17:52 | 100%
17:47 | 100% | 17:47 | 100%

🔌AC
17:47 | 100%
17:52 | 100%

17:57 | 100%
17:52 | 100% | 17:52 | 100%

🔌AC
17:52 | 100%
17:57 | 100%

18:02 | 100%
17:57 | 100% | 17:57 | 100%

🔌AC
17:57 | 100%
18:02 | 100%

18:07 | 100%
18:02 | 100% | 18:02 | 100%

🔌AC
18:02 | 100%
18:07 | 100%

18:12 | 100%
18:07 | 100% | 18:07 | 100%

🔌AC
18:07 | 100%
18:12 | 100%

18:17 | 100%
18:12 | 100% | 18:12 | 100%

🔌AC
18:12 | 100%
18:17 | 100%

18:22 | 100%
18:17 | 100% | 18:17 | 100%

🔌AC
18:17 | 100%
18:22 | 100%

18:27 | 100%
18:22 | 100% | 18:22 | 100%

🔌AC
18:22 | 100%
18:27 | 100%

18:32 | 100%
18:27 | 100% | 18:27 | 100%

⚡charging
18:32 | 100%

18:37 | 100%
18:32 | 100% | 18:32 | 100%

⚡charging
18:37 | 100%

18:42 | 100%
18:37 | 100% | 18:37 | 100%

⚡charging
18:42 | 100%

18:47 | 100%
18:42 | 100% | 18:42 | 100%

⚡charging
18:47 | 100%

18:52 | 100%
18:47 | 100% | 18:47 | 100%

⚡charging
18:52 | 100%

18:57 | 100%
18:52 | 100% | 18:52 | 100%

⚡charging
18:57 | 100%

19:02 | 100%
18:57 | 100% | 18:57 | 100%

⚡charging
19:02 | 100%

19:07 | 100%
19:02 | 100% | 19:02 | 100%

⚡charging
19:07 | 100%

19:12 | 100%
19:07 | 100% | 19:07 | 100%

⚡charging
19:12 | 100%

19:17 | 100%
19:12 | 100% | 19:12 | 100%

⚡charging
19:17 | 100%

19:22 | 99%
19:17 | 100% | 19:17 | 100%

⚡charging
19:22 | 99%

19:27 | 98%
19:22 | 99% | 19:22 | 99%

⚡charging
19:27 | 98%

19:32 | 98%
19:27 | 98% | 19:27 | 98%

⚡charging
19:32 | 98%

19:37 | 97%
19:32 | 98% | 19:32 | 98%

⚡charging
19:37 | 97%

19:42 | 96%
19:37 | 97% | 19:37 | 97%

⚡charging
19:42 | 96%

19:47 | 94%
19:42 | 96% | 19:42 | 96%

⚡charging
19:47 | 94%

19:52 | 93%
19:47 | 94% | 19:47 | 94%

⚡charging
19:52 | 93%

19:57 | 92%
19:52 | 93% | 19:52 | 93%

⚡charging
19:57 | 92%

20:02 | 91%
19:57 | 92% | 19:57 | 92%

⚡charging
20:02 | 91%

20:07 | 90%
20:02 | 91% | 20:02 | 91%

⚡charging
20:07 | 90%

20:12 | 89%
20:07 | 90% | 20:07 | 90%

⚡charging
20:12 | 89%

20:17 | 88%
20:12 | 89% | 20:12 | 89%

⚡charging
20:17 | 88%

20:22 | 87%
20:17 | 88% | 20:17 | 88%

⚡charging
20:22 | 87%

20:27 | 86%
20:22 | 87% | 20:22 | 87%

⚡charging
20:27 | 86%

20:32 | 84%
20:27 | 86% | 20:27 | 86%

⚡charging
20:32 | 84%

20:37 | 82%
20:32 | 84% | 20:32 | 84%

⚡charging
20:37 | 82%

20:42 | 80%
20:37 | 82% | 20:37 | 82%

⚡charging
20:42 | 80%

20:47 | 79%
20:42 | 80% | 20:42 | 80%

⚡charging
20:47 | 79%

20:52 | 76%
20:47 | 79% | 20:47 | 79%

⚡charging
20:52 | 76%

20:57 | 74%
20:52 | 76% | 20:52 | 76%

⚡charging
20:57 | 74%

21:02 | 71%
20:57 | 74% | 20:57 | 74%

⚡charging
21:02 | 71%

21:07 | 69%
21:02 | 71% | 21:02 | 71%

⚡charging
21:07 | 69%

21:12 | 67%
21:07 | 69% | 21:07 | 69%

⚡charging
21:12 | 67%

21:17 | 65%
21:12 | 67% | 21:12 | 67%

⚡charging
21:17 | 65%

21:22 | 63%
21:17 | 65% | 21:17 | 65%

⚡charging
21:22 | 63%

21:27 | 61%
21:22 | 63% | 21:22 | 63%

⚡charging
21:27 | 61%

21:32 | 60%
21:27 | 61% | 21:27 | 61%

⚡charging
21:32 | 60%

21:37 | 59%
21:32 | 60% | 21:32 | 60%

⚡charging
21:37 | 59%

21:42 | 57%
21:37 | 59% | 21:37 | 59%

⚡charging
21:42 | 57%

21:47 | 55%
21:42 | 57% | 21:42 | 57%

⚡charging
21:47 | 55%

21:53 | 60%
21:47 | 55% | 21:47 | 55%

⚡charging
21:53 | 60%

21:58 | 66%
21:53 | 60% | 21:53 | 60%

⚡charging
21:58 | 66%

22:04 | 72%
21:58 | 66% | 21:58 | 66%

⚡charging
22:04 | 72%

22:09 | 77%
22:04 | 72% | 22:04 | 72%

⚡charging
22:09 | 77%

22:14 | 81%
22:09 | 77% | 22:09 | 77%

⚡charging
22:14 | 81%

22:20 | 85%
22:14 | 81% | 22:14 | 81%

⚡charging
22:20 | 85%

22:25 | 89%
22:20 | 85% | 22:20 | 85%

⚡charging
22:25 | 89%

22:30 | 92%
22:25 | 89% | 22:25 | 89%

⚡charging
22:30 | 92%

22:35 | 94%
22:30 | 92% | 22:30 | 92%

⚡charging
22:35 | 94%

22:40 | 95%
22:35 | 94% | 22:35 | 94%

⚡charging
22:40 | 95%

22:45 | 96%
22:40 | 95% | 22:40 | 95%

⚡charging
22:45 | 96%

22:50 | 97%
22:45 | 96% | 22:45 | 96%

⚡charging
22:50 | 97%

22:55 | 98%
22:50 | 97% | 22:50 | 97%

⚡charging
22:55 | 98%

23:00 | 99%
22:55 | 98% | 22:55 | 98%

🔌AC
22:55 | 98%
23:00 | 99%

23:05 | 99%
23:00 | 99% | 23:00 | 99%

🔌AC
23:00 | 99%
23:05 | 99%

23:10 | 100%
23:05 | 99% | 23:05 | 99%

🔌AC
23:05 | 99%
23:10 | 100%

23:15 | 100%
23:10 | 100% | 23:10 | 100%

🔌AC
23:10 | 100%
23:15 | 100%

23:20 | 100%
23:15 | 100% | 23:15 | 100%

🔌AC
23:15 | 100%
23:20 | 100%

23:25 | 100%
23:20 | 100% | 23:20 | 100%

🔌AC
23:20 | 100%
23:25 | 100%

23:30 | 100%
23:25 | 100% | 23:25 | 100%

🔌AC
23:25 | 100%
23:30 | 100%

23:35 | 100%
23:30 | 100% | 23:30 | 100%

🔌AC
23:30 | 100%
23:35 | 100%

23:40 | 100%
23:35 | 100% | 23:35 | 100%

🔌AC
23:35 | 100%
23:40 | 100%

23:45 | 100%
23:40 | 100% | 23:40 | 100%

🔌AC
23:40 | 100%
23:45 | 100%

23:50 | 100%
23:45 | 100% | 23:45 | 100%

🔌AC
23:45 | 100%
23:50 | 100%

23:55 | 100%
23:50 | 100% | 23:50 | 100%

🔌AC
23:50 | 100%
23:55 | 100%

00:00 | 100%
23:55 | 100% | 23:55 | 100%

🔌AC
23:55 | 100%
00:00 | 100%

00:05 | 100%
00:00 | 100% | 00:00 | 100%

🔌AC
00:00 | 100%
00:05 | 100%

00:10 | 100%
00:05 | 100% | 00:05 | 100%

🔌AC
00:05 | 100%
00:10 | 100%

00:15 | 100%
00:10 | 100% | 00:10 | 100%

🔌AC
00:10 | 100%
00:15 | 100%

00:20 | 100%
00:15 | 100% | 00:15 | 100%

🔌AC
00:15 | 100%
00:20 | 100%

00:25 | 100%
00:20 | 100% | 00:20 | 100%

🔌AC
00:20 | 100%
00:25 | 100%

00:30 | 100%
00:25 | 100% | 00:25 | 100%

🔌AC
00:25 | 100%
00:30 | 100%

00:35 | 100%
00:30 | 100% | 00:30 | 100%

🔌AC
00:30 | 100%
00:35 | 100%

00:40 | 100%
00:35 | 100% | 00:35 | 100%

🔌AC
00:35 | 100%
00:40 | 100%

00:45 | 100%
00:40 | 100% | 00:40 | 100%

🔌AC
00:40 | 100%
00:45 | 100%

00:50 | 100%
00:45 | 100% | 00:45 | 100%

🔌AC
00:45 | 100%
00:50 | 100%

00:55 | 100%
00:50 | 100% | 00:50 | 100%

🔌AC
00:50 | 100%
00:55 | 100%

01:00 | 100%
00:55 | 100% | 00:55 | 100%

🔌AC
00:55 | 100%
01:00 | 100%

01:05 | 100%
01:00 | 100% | 01:00 | 100%

🔌AC
01:00 | 100%
01:05 | 100%

01:10 | 100%
01:05 | 100% | 01:05 | 100%

🔌AC
01:05 | 100%
01:10 | 100%

01:15 | 100%
01:10 | 100% | 01:10 | 100%

🔌AC
01:10 | 100%
01:15 | 100%

01:20 | 100%
01:15 | 100% | 01:15 | 100%

🔌AC
01:15 | 100%
01:20 | 100%

01:25 | 100%
01:20 | 100% | 01:20 | 100%

🔌AC
01:20 | 100%
01:25 | 100%

01:30 | 100%
01:25 | 100% | 01:25 | 100%

🔌AC
01:25 | 100%
01:30 | 100%

01:35 | 100%
01:30 | 100% | 01:30 | 100%

🔌AC
01:30 | 100%
01:35 | 100%

01:40 | 100%
01:35 | 100% | 01:35 | 100%

🔌AC
01:35 | 100%
01:40 | 100%

01:45 | 100%
01:40 | 100% | 01:40 | 100%

🔌AC
01:40 | 100%
01:45 | 100%

01:50 | 100%
01:45 | 100% | 01:45 | 100%

🔌AC
01:45 | 100%
01:50 | 100%

01:55 | 100%
01:50 | 100% | 01:50 | 100%

🔌AC
01:50 | 100%
01:55 | 100%

02:00 | 100%
01:55 | 100% | 01:55 | 100%

🔌AC
01:55 | 100%
02:00 | 100%

02:05 | 100%
02:00 | 100% | 02:00 | 100%

🔌AC
02:00 | 100%
02:05 | 100%

02:10 | 100%
02:05 | 100% | 02:05 | 100%

🔌AC
02:05 | 100%
02:10 | 100%

02:15 | 100%
02:10 | 100% | 02:10 | 100%

🔌AC
02:10 | 100%
02:15 | 100%

02:20 | 100%
02:15 | 100% | 02:15 | 100%

🔌AC
02:15 | 100%
02:20 | 100%

02:25 | 100%
02:20 | 100% | 02:20 | 100%

🔌AC
02:20 | 100%
02:25 | 100%

02:30 | 100%
02:25 | 100% | 02:25 | 100%

🔌AC
02:25 | 100%
02:30 | 100%

02:35 | 100%
02:30 | 100% | 02:30 | 100%

🔌AC
02:30 | 100%
02:35 | 100%

02:40 | 100%
02:35 | 100% | 02:35 | 100%

🔌AC
02:35 | 100%
02:40 | 100%

02:45 | 100%
02:40 | 100% | 02:40 | 100%

🔌AC
02:40 | 100%
02:45 | 100%

02:50 | 100%
02:45 | 100% | 02:45 | 100%

🔌AC
02:45 | 100%
02:50 | 100%

02:55 | 100%
02:50 | 100% | 02:50 | 100%

🔌AC
02:50 | 100%
02:55 | 100%

03:00 | 100%
02:55 | 100% | 02:55 | 100%

🔌AC
02:55 | 100%
03:00 | 100%

03:05 | 100%
03:00 | 100% | 03:00 | 100%

🔌AC
03:00 | 100%
03:05 | 100%

03:10 | 100%
03:05 | 100% | 03:05 | 100%

🔌AC
03:05 | 100%
03:10 | 100%

03:15 | 100%
03:10 | 100% | 03:10 | 100%

🔌AC
03:10 | 100%
03:15 | 100%

03:20 | 100%
03:15 | 100% | 03:15 | 100%

🔌AC
03:15 | 100%
03:20 | 100%

03:25 | 100%
03:20 | 100% | 03:20 | 100%

🔌AC
03:20 | 100%
03:25 | 100%

03:30 | 100%
03:25 | 100% | 03:25 | 100%

🔌AC
03:25 | 100%
03:30 | 100%

03:35 | 100%
03:30 | 100% | 03:30 | 100%

🔌AC
03:30 | 100%
03:35 | 100%

03:40 | 100%
03:35 | 100% | 03:35 | 100%

🔌AC
03:35 | 100%
03:40 | 100%

03:45 | 100%
03:40 | 100% | 03:40 | 100%

🔌AC
03:40 | 100%
03:45 | 100%

03:50 | 100%
03:45 | 100% | 03:45 | 100%

🔌AC
03:45 | 100%
03:50 | 100%

03:55 | 100%
03:50 | 100% | 03:50 | 100%

🔌AC
03:50 | 100%
03:55 | 100%

04:00 | 100%
03:55 | 100% | 03:55 | 100%

🔌AC
03:55 | 100%
04:00 | 100%

04:05 | 100%
04:00 | 100% | 04:00 | 100%

🔌AC
04:00 | 100%
04:05 | 100%

04:10 | 100%
04:05 | 100% | 04:05 | 100%

🔌AC
04:05 | 100%
04:10 | 100%

04:15 | 100%
04:10 | 100% | 04:10 | 100%

🔌AC
04:10 | 100%
04:15 | 100%

04:20 | 100%
04:15 | 100% | 04:15 | 100%

🔌AC
04:15 | 100%
04:20 | 100%

04:25 | 100%
04:20 | 100% | 04:20 | 100%

🔌AC
04:20 | 100%
04:25 | 100%

04:30 | 100%
04:25 | 100% | 04:25 | 100%

🔌AC
04:25 | 100%
04:30 | 100%

04:35 | 100%
04:30 | 100% | 04:30 | 100%

🔌AC
04:30 | 100%
04:35 | 100%

04:40 | 100%
04:35 | 100% | 04:35 | 100%

🔌AC
04:35 | 100%
04:40 | 100%

04:45 | 100%
04:40 | 100% | 04:40 | 100%

🔌AC
04:40 | 100%
04:45 | 100%

04:50 | 100%
04:45 | 100% | 04:45 | 100%

🔌AC
04:45 | 100%
04:50 | 100%

04:55 | 100%
04:50 | 100% | 04:50 | 100%

🔌AC
04:50 | 100%
04:55 | 100%

05:00 | 100%
04:55 | 100% | 04:55 | 100%

🔌AC
04:55 | 100%
05:00 | 100%

05:05 | 100%
05:00 | 100% | 05:00 | 100%

🔌AC
05:00 | 100%
05:05 | 100%

05:10 | 100%
05:05 | 100% | 05:05 | 100%

🔌AC
05:05 | 100%
05:10 | 100%

05:15 | 100%
05:10 | 100% | 05:10 | 100%

🔌AC
05:10 | 100%
05:15 | 100%

05:20 | 100%
05:15 | 100% | 05:15 | 100%

🔌AC
05:15 | 100%
05:20 | 100%

05:25 | 100%
05:20 | 100% | 05:20 | 100%

🔌AC
05:20 | 100%
05:25 | 100%

05:30 | 100%
05:25 | 100% | 05:25 | 100%

🔌AC
05:25 | 100%
05:30 | 100%

05:35 | 100%
05:30 | 100% | 05:30 | 100%

🔌AC
05:30 | 100%
05:35 | 100%

05:40 | 100%
05:35 | 100% | 05:35 | 100%

🔌AC
05:35 | 100%
05:40 | 100%

05:45 | 100%
05:40 | 100% | 05:40 | 100%

🔌AC
05:40 | 100%
05:45 | 100%

05:50 | 100%
05:45 | 100% | 05:45 | 100%

🔌AC
05:45 | 100%
05:50 | 100%

05:55 | 100%
05:50 | 100% | 05:50 | 100%

🔌AC
05:50 | 100%
05:55 | 100%

06:00 | 100%
05:55 | 100% | 05:55 | 100%

🔌AC
05:55 | 100%
06:00 | 100%

06:05 | 100%
06:00 | 100% | 06:00 | 100%

🔌AC
06:00 | 100%
06:05 | 100%

06:10 | 100%
06:05 | 100% | 06:05 | 100%

🔌AC
06:05 | 100%
06:10 | 100%

06:15 | 100%
06:10 | 100% | 06:10 | 100%

🔌AC
06:10 | 100%
06:15 | 100%

06:20 | 100%
06:15 | 100% | 06:15 | 100%

🔌AC
06:15 | 100%
06:20 | 100%

06:25 | 100%
06:20 | 100% | 06:20 | 100%

🔌AC
06:20 | 100%
06:25 | 100%

06:30 | 100%
06:25 | 100% | 06:25 | 100%

🔌AC
06:25 | 100%
06:30 | 100%

06:35 | 100%
06:30 | 100% | 06:30 | 100%

🔌AC
06:30 | 100%
06:35 | 100%

06:40 | 100%
06:35 | 100% | 06:35 | 100%

🔌AC
06:35 | 100%
06:40 | 100%

06:45 | 100%
06:40 | 100% | 06:40 | 100%

🔌AC
06:40 | 100%
06:45 | 100%

06:50 | 100%
06:45 | 100% | 06:45 | 100%

🔌AC
06:45 | 100%
06:50 | 100%

06:55 | 100%
06:50 | 100% | 06:50 | 100%

🔌AC
06:50 | 100%
06:55 | 100%

07:00 | 100%
06:55 | 100% | 06:55 | 100%

🔌AC
06:55 | 100%
07:00 | 100%

07:05 | 100%
07:00 | 100% | 07:00 | 100%

🔌AC
07:00 | 100%
07:05 | 100%

07:10 | 100%
07:05 | 100% | 07:05 | 100%

🔌AC
07:05 | 100%
07:10 | 100%

07:15 | 100%
07:10 | 100% | 07:10 | 100%

🔌AC
07:10 | 100%
07:15 | 100%

07:20 | 100%
07:15 | 100% | 07:15 | 100%

🔌AC
07:15 | 100%
07:20 | 100%

07:25 | 100%
07:20 | 100% | 07:20 | 100%

🔌AC
07:20 | 100%
07:25 | 100%

07:30 | 100%
07:25 | 100% | 07:25 | 100%

⚡charging
07:30 | 100%

07:35 | 100%
07:30 | 100% | 07:30 | 100%

🔌AC
07:30 | 100%
07:35 | 100%

07:40 | 100%
07:35 | 100% | 07:35 | 100%

🔌AC
07:35 | 100%
07:40 | 100%

07:45 | 100%
07:40 | 100% | 07:40 | 100%

⚡charging
07:45 | 100%

07:50 | 100%
07:45 | 100% | 07:45 | 100%

⚡charging
07:50 | 100%

07:55 | 100%
07:50 | 100% | 07:50 | 100%

🔌AC
07:50 | 100%
07:55 | 100%

08:01 | 100%
07:55 | 100% | 07:55 | 100%

⚡charging
08:01 | 100%

08:06 | 100%
08:01 | 100% | 08:01 | 100%

⚡charging
08:06 | 100%

08:11 | 99%
08:06 | 100% | 08:06 | 100%

⚡charging
08:11 | 99%

08:16 | 99%
08:11 | 99% | 08:11 | 99%

⚡charging
08:16 | 99%

08:21 | 98%
08:16 | 99% | 08:16 | 99%

⚡charging
08:21 | 98%

08:26 | 97%
08:21 | 98% | 08:21 | 98%

⚡charging
08:26 | 97%

08:31 | 96%
08:26 | 97% | 08:26 | 97%

⚡charging
08:31 | 96%

08:36 | 95%
08:31 | 96% | 08:31 | 96%

⚡charging
08:36 | 95%

08:41 | 94%
08:36 | 95% | 08:36 | 95%

⚡charging
08:41 | 94%

08:46 | 93%
08:41 | 94% | 08:41 | 94%

⚡charging
08:46 | 93%

08:51 | 92%
08:46 | 93% | 08:46 | 93%

⚡charging
08:51 | 92%

08:56 | 91%
08:51 | 92% | 08:51 | 92%

⚡charging
08:56 | 91%

09:01 | 90%
08:56 | 91% | 08:56 | 91%

⚡charging
09:01 | 90%

09:06 | 89%
09:01 | 90% | 09:01 | 90%

⚡charging
09:06 | 89%

09:11 | 87%
09:06 | 89% | 09:06 | 89%

⚡charging
09:11 | 87%

09:16 | 86%
09:11 | 87% | 09:11 | 87%

⚡charging
09:16 | 86%

09:21 | 85%
09:16 | 86% | 09:16 | 86%

⚡charging
09:21 | 85%

09:26 | 84%
09:21 | 85% | 09:21 | 85%

⚡charging
09:26 | 84%

09:31 | 83%
09:26 | 84% | 09:26 | 84%

⚡charging
09:31 | 83%

09:36 | 82%
09:31 | 83% | 09:31 | 83%

⚡charging
09:36 | 82%

09:41 | 82%
09:36 | 82% | 09:36 | 82%

⚡charging
09:41 | 82%

09:46 | 81%
09:41 | 82% | 09:41 | 82%

⚡charging
09:46 | 81%

09:51 | 80%
09:46 | 81% | 09:46 | 81%

⚡charging
09:51 | 80%

09:56 | 79%
09:51 | 80% | 09:51 | 80%

⚡charging
09:56 | 79%

10:01 | 78%
09:56 | 79% | 09:56 | 79%

⚡charging
10:01 | 78%

10:07 | 77%
10:01 | 78% | 10:01 | 78%

⚡charging
10:07 | 77%

10:12 | 76%
10:07 | 77% | 10:07 | 77%

⚡charging
10:12 | 76%

10:17 | 76%
10:12 | 76% | 10:12 | 76%

⚡charging
10:17 | 76%

10:23 | 75%
10:17 | 76% | 10:17 | 76%

⚡charging
10:23 | 75%

11:02 | 74%
10:23 | 75% | 10:23 | 75%

⚡charging
11:02 | 74%

12:10 | 74%
11:02 | 74% | 11:02 | 74%

⚡charging
12:10 | 74%

12:15 | 72%
12:10 | 74% | 12:10 | 74%

⚡charging
12:15 | 72%

12:20 | 70%
12:15 | 72% | 12:15 | 72%

⚡charging
12:20 | 70%

12:25 | 69%
12:20 | 70% | 12:20 | 70%

⚡charging
12:25 | 69%

12:30 | 67%
12:25 | 69% | 12:25 | 69%

⚡charging
12:30 | 67%

12:35 | 66%
12:30 | 67% | 12:30 | 67%

⚡charging
12:35 | 66%

12:40 | 64%
12:35 | 66% | 12:35 | 66%

⚡charging
12:40 | 64%

12:45 | 63%
12:40 | 64% | 12:40 | 64%

⚡charging
12:45 | 63%

12:50 | 61%
12:45 | 63% | 12:45 | 63%

⚡charging
12:50 | 61%

12:55 | 60%
12:50 | 61% | 12:50 | 61%

⚡charging
12:55 | 60%

13:00 | 58%
12:55 | 60% | 12:55 | 60%

⚡charging
13:00 | 58%

13:05 | 57%
13:00 | 58% | 13:00 | 58%

⚡charging
13:05 | 57%

13:10 | 55%
13:05 | 57% | 13:05 | 57%

⚡charging
13:10 | 55%

13:15 | 53%
13:10 | 55% | 13:10 | 55%

⚡charging
13:15 | 53%

13:20 | 52%
13:15 | 53% | 13:15 | 53%

⚡charging
13:20 | 52%

13:25 | 50%
13:20 | 52% | 13:20 | 52%

⚡charging
13:25 | 50%

13:30 | 55%
13:25 | 50% | 13:25 | 50%

⚡charging
13:30 | 55%

13:35 | 61%
13:30 | 55% | 13:30 | 55%

⚡charging
13:35 | 61%

13:40 | 63%
13:35 | 61% | 13:35 | 61%

⚡charging
13:40 | 63%

13:45 | 69%
13:40 | 63% | 13:40 | 63%

⚡charging
13:45 | 69%

13:50 | 70%
13:45 | 69% | 13:45 | 69%

⚡charging
13:50 | 70%

13:55 | 72%
13:50 | 70% | 13:50 | 70%

⚡charging
13:55 | 72%

14:00 | 76%
13:55 | 72% | 13:55 | 72%

⚡charging
14:00 | 76%

14:05 | 80%
14:00 | 76% | 14:00 | 76%

⚡charging
14:05 | 80%

14:10 | 83%
14:05 | 80% | 14:05 | 80%

⚡charging
14:10 | 83%

14:15 | 87%
14:10 | 83% | 14:10 | 83%

⚡charging
14:15 | 87%

14:20 | 90%
14:15 | 87% | 14:15 | 87%

⚡charging
14:20 | 90%

14:25 | 93%
14:20 | 90% | 14:20 | 90%

⚡charging
14:25 | 93%

14:30 | 94%
14:25 | 93% | 14:25 | 93%

⚡charging
14:30 | 94%

14:35 | 96%
14:30 | 94% | 14:30 | 94%

⚡charging
14:35 | 96%

14:40 | 96%
14:35 | 96% | 14:35 | 96%

⚡charging
14:40 | 96%

14:45 | 96%
14:40 | 96% | 14:40 | 96%

⚡charging
14:45 | 96%

14:50 | 97%
14:45 | 96% | 14:45 | 96%

⚡charging
14:50 | 97%

14:55 | 98%
14:50 | 97% | 14:50 | 97%

⚡charging
14:55 | 98%

15:00 | 99%
14:55 | 98% | 14:55 | 98%

🔌AC
14:55 | 98%
15:00 | 99%

15:05 | 100%
15:00 | 99% | 15:00 | 99%

🔌AC
15:00 | 99%
15:05 | 100%

15:10 | 100%
15:05 | 100% | 15:05 | 100%

⚡charging
15:10 | 100%

15:15 | 100%
15:10 | 100% | 15:10 | 100%

⚡charging
15:15 | 100%

17:10 | 100%
15:15 | 100% | 15:15 | 100%

⚡charging
17:10 | 100%

18:05 | 100%
17:10 | 100% | 17:10 | 100%

⚡charging
18:05 | 100%

18:10 | 100%
18:05 | 100% | 18:05 | 100%

⚡charging
18:10 | 100%

18:15 | 99%
18:10 | 100% | 18:10 | 100%

⚡charging
18:15 | 99%

18:21 | 99%
18:15 | 99% | 18:15 | 99%

⚡charging
18:21 | 99%

18:26 | 98%
18:21 | 99% | 18:21 | 99%

⚡charging
18:26 | 98%

18:31 | 96%
18:26 | 98% | 18:26 | 98%

⚡charging
18:31 | 96%

18:36 | 95%
18:31 | 96% | 18:31 | 96%

⚡charging
18:36 | 95%

18:41 | 93%
18:36 | 95% | 18:36 | 95%

⚡charging
18:41 | 93%

18:46 | 92%
18:41 | 93% | 18:41 | 93%

⚡charging
18:46 | 92%

18:51 | 90%
18:46 | 92% | 18:46 | 92%

⚡charging
18:51 | 90%

18:56 | 89%
18:51 | 90% | 18:51 | 90%

⚡charging
18:56 | 89%

19:01 | 87%
18:56 | 89% | 18:56 | 89%

⚡charging
19:01 | 87%

19:06 | 86%
19:01 | 87% | 19:01 | 87%

⚡charging
19:06 | 86%

19:11 | 84%
19:06 | 86% | 19:06 | 86%

⚡charging
19:11 | 84%

19:16 | 83%
19:11 | 84% | 19:11 | 84%

⚡charging
19:16 | 83%

19:21 | 81%
19:16 | 83% | 19:16 | 83%

⚡charging
19:21 | 81%

19:26 | 80%
19:21 | 81% | 19:21 | 81%

⚡charging
19:26 | 80%

19:31 | 78%
19:26 | 80% | 19:26 | 80%

⚡charging
19:31 | 78%

19:36 | 76%
19:31 | 78% | 19:31 | 78%

⚡charging
19:36 | 76%

19:41 | 75%
19:36 | 76% | 19:36 | 76%

⚡charging
19:41 | 75%

19:46 | 73%
19:41 | 75% | 19:41 | 75%

⚡charging
19:46 | 73%

19:51 | 72%
19:46 | 73% | 19:46 | 73%

⚡charging
19:51 | 72%

19:56 | 68%
19:51 | 72% | 19:51 | 72%

⚡charging
19:56 | 68%

20:01 | 65%
19:56 | 68% | 19:56 | 68%

⚡charging
20:01 | 65%

20:07 | 64%
20:01 | 65% | 20:01 | 65%

⚡charging
20:07 | 64%

20:13 | 62%
20:07 | 64% | 20:07 | 64%

⚡charging
20:13 | 62%

20:18 | 59%
20:13 | 62% | 20:13 | 62%

⚡charging
20:18 | 59%

20:23 | 58%
20:18 | 59% | 20:18 | 59%

⚡charging
20:23 | 58%

20:29 | 58%
20:23 | 58% | 20:23 | 58%

⚡charging
20:29 | 58%

20:34 | 55%
20:29 | 58% | 20:29 | 58%

⚡charging
20:34 | 55%

20:39 | 52%
20:34 | 55% | 20:34 | 55%

⚡charging
20:39 | 52%

20:44 | 49%
20:39 | 52% | 20:39 | 52%

⚡charging
20:44 | 49%

20:52 | 48%
20:44 | 49% | 20:44 | 49%

⚡charging
20:52 | 48%

20:57 | 47%
20:52 | 48% | 20:52 | 48%

⚡charging
20:57 | 47%

21:03 | 47%
20:57 | 47% | 20:57 | 47%

⚡charging
21:03 | 47%

22:13 | 46%
21:03 | 47% | 21:03 | 47%

⚡charging
22:13 | 46%

22:18 | 43%
22:13 | 46% | 22:13 | 46%

⚡charging
22:18 | 43%

22:23 | 40%
22:18 | 43% | 22:18 | 43%

⚡charging
22:23 | 40%

22:28 | 37%
22:23 | 40% | 22:23 | 40%

⚡charging
22:28 | 37%

22:34 | 37%
22:28 | 37% | 22:28 | 37%

⚡charging
22:34 | 37%

22:39 | 36%
22:34 | 37% | 22:34 | 37%

⚡charging
22:39 | 36%

22:45 | 35%
22:39 | 36% | 22:39 | 36%

⚡charging
22:45 | 35%

23:00 | 34%
22:45 | 35% | 22:45 | 35%

⚡charging
23:00 | 34%

23:06 | 34%
23:00 | 34% | 23:00 | 34%

⚡charging
23:06 | 34%

23:12 | 33%
23:06 | 34% | 23:06 | 34%

⚡charging
23:12 | 33%

23:17 | 31%
23:12 | 33% | 23:12 | 33%

⚡charging
23:17 | 31%

23:22 | 26%
23:17 | 31% | 23:17 | 31%

⚡charging
23:22 | 26%

23:27 | 22%
23:22 | 26% | 23:22 | 26%

⚡charging
23:27 | 22%

23:32 | 23%
23:27 | 22% | 23:27 | 22%

⚡charging
23:32 | 23%

23:37 | 29%
23:32 | 23% | 23:32 | 23%

⚡charging
23:37 | 29%

23:42 | 36%
23:37 | 29% | 23:37 | 29%

⚡charging
23:42 | 36%

23:47 | 43%
23:42 | 36% | 23:42 | 36%

⚡charging
23:47 | 43%

23:52 | 50%
23:47 | 43% | 23:47 | 43%

⚡charging
23:52 | 50%

23:57 | 58%
23:52 | 50% | 23:52 | 50%

⚡charging
23:57 | 58%

00:02 | 64%
23:57 | 58% | 23:57 | 58%

⚡charging
00:02 | 64%

00:07 | 70%
00:02 | 64% | 00:02 | 64%

⚡charging
00:07 | 70%

00:12 | 76%
00:07 | 70% | 00:07 | 70%

⚡charging
00:12 | 76%

00:17 | 80%
00:12 | 76% | 00:12 | 76%

⚡charging
00:17 | 80%

00:22 | 84%
00:17 | 80% | 00:17 | 80%

⚡charging
00:22 | 84%

00:27 | 87%
00:22 | 84% | 00:22 | 84%

⚡charging
00:27 | 87%

00:32 | 91%
00:27 | 87% | 00:27 | 87%

⚡charging
00:32 | 91%

00:37 | 94%
00:32 | 91% | 00:32 | 91%

⚡charging
00:37 | 94%

00:42 | 97%
00:37 | 94% | 00:37 | 94%

⚡charging
00:42 | 97%

00:47 | 98%
00:42 | 97% | 00:42 | 97%

⚡charging
00:47 | 98%

00:52 | 99%
00:47 | 98% | 00:47 | 98%

🔌AC
00:47 | 98%
00:52 | 99%

00:57 | 99%
00:52 | 99% | 00:52 | 99%

🔌AC
00:52 | 99%
00:57 | 99%

01:02 | 99%
00:57 | 99% | 00:57 | 99%

🔌AC
00:57 | 99%
01:02 | 99%

01:07 | 99%
01:02 | 99% | 01:02 | 99%

🔌AC
01:02 | 99%
01:07 | 99%

01:12 | 100%
01:07 | 99% | 01:07 | 99%

🔌AC
01:07 | 99%
01:12 | 100%

01:17 | 100%
01:12 | 100% | 01:12 | 100%

🔌AC
01:12 | 100%
01:17 | 100%

01:22 | 100%
01:17 | 100% | 01:17 | 100%

🔌AC
01:17 | 100%
01:22 | 100%

01:27 | 100%
01:22 | 100% | 01:22 | 100%

🔌AC
01:22 | 100%
01:27 | 100%

01:32 | 100%
01:27 | 100% | 01:27 | 100%

🔌AC
01:27 | 100%
01:32 | 100%

01:37 | 100%
01:32 | 100% | 01:32 | 100%

🔌AC
01:32 | 100%
01:37 | 100%

01:42 | 100%
01:37 | 100% | 01:37 | 100%

🔌AC
01:37 | 100%
01:42 | 100%

01:47 | 100%
01:42 | 100% | 01:42 | 100%

🔌AC
01:42 | 100%
01:47 | 100%

01:52 | 100%
01:47 | 100% | 01:47 | 100%

🔌AC
01:47 | 100%
01:52 | 100%

01:57 | 100%
01:52 | 100% | 01:52 | 100%

🔌AC
01:52 | 100%
01:57 | 100%

02:02 | 100%
01:57 | 100% | 01:57 | 100%

🔌AC
01:57 | 100%
02:02 | 100%

02:07 | 100%
02:02 | 100% | 02:02 | 100%

🔌AC
02:02 | 100%
02:07 | 100%

02:12 | 100%
02:07 | 100% | 02:07 | 100%

🔌AC
02:07 | 100%
02:12 | 100%

02:17 | 100%
02:12 | 100% | 02:12 | 100%

🔌AC
02:12 | 100%
02:17 | 100%

02:22 | 100%
02:17 | 100% | 02:17 | 100%

🔌AC
02:17 | 100%
02:22 | 100%

02:27 | 100%
02:22 | 100% | 02:22 | 100%

🔌AC
02:22 | 100%
02:27 | 100%

02:32 | 100%
02:27 | 100% | 02:27 | 100%

🔌AC
02:27 | 100%
02:32 | 100%

02:37 | 100%
02:32 | 100% | 02:32 | 100%

🔌AC
02:32 | 100%
02:37 | 100%

02:42 | 100%
02:37 | 100% | 02:37 | 100%

🔌AC
02:37 | 100%
02:42 | 100%

02:47 | 100%
02:42 | 100% | 02:42 | 100%

🔌AC
02:42 | 100%
02:47 | 100%

02:52 | 100%
02:47 | 100% | 02:47 | 100%

🔌AC
02:47 | 100%
02:52 | 100%

02:57 | 100%
02:52 | 100% | 02:52 | 100%

🔌AC
02:52 | 100%
02:57 | 100%

03:02 | 100%
02:57 | 100% | 02:57 | 100%

🔌AC
02:57 | 100%
03:02 | 100%

03:07 | 100%
03:02 | 100% | 03:02 | 100%

🔌AC
03:02 | 100%
03:07 | 100%

03:12 | 100%
03:07 | 100% | 03:07 | 100%

🔌AC
03:07 | 100%
03:12 | 100%

03:17 | 100%
03:12 | 100% | 03:12 | 100%

🔌AC
03:12 | 100%
03:17 | 100%

03:22 | 100%
03:17 | 100% | 03:17 | 100%

🔌AC
03:17 | 100%
03:22 | 100%

03:27 | 100%
03:22 | 100% | 03:22 | 100%

🔌AC
03:22 | 100%
03:27 | 100%

03:32 | 100%
03:27 | 100% | 03:27 | 100%

🔌AC
03:27 | 100%
03:32 | 100%

03:37 | 100%
03:32 | 100% | 03:32 | 100%

🔌AC
03:32 | 100%
03:37 | 100%

03:42 | 100%
03:37 | 100% | 03:37 | 100%

🔌AC
03:37 | 100%
03:42 | 100%

03:47 | 100%
03:42 | 100% | 03:42 | 100%

🔌AC
03:42 | 100%
03:47 | 100%

03:52 | 100%
03:47 | 100% | 03:47 | 100%

🔌AC
03:47 | 100%
03:52 | 100%

03:57 | 100%
03:52 | 100% | 03:52 | 100%

🔌AC
03:52 | 100%
03:57 | 100%

04:02 | 100%
03:57 | 100% | 03:57 | 100%

🔌AC
03:57 | 100%
04:02 | 100%

04:07 | 100%
04:02 | 100% | 04:02 | 100%

🔌AC
04:02 | 100%
04:07 | 100%

04:12 | 100%
04:07 | 100% | 04:07 | 100%

🔌AC
04:07 | 100%
04:12 | 100%

04:17 | 100%
04:12 | 100% | 04:12 | 100%

🔌AC
04:12 | 100%
04:17 | 100%

04:22 | 100%
04:17 | 100% | 04:17 | 100%

🔌AC
04:17 | 100%
04:22 | 100%

04:27 | 100%
04:22 | 100% | 04:22 | 100%

🔌AC
04:22 | 100%
04:27 | 100%

04:32 | 100%
04:27 | 100% | 04:27 | 100%

🔌AC
04:27 | 100%
04:32 | 100%

04:37 | 100%
04:32 | 100% | 04:32 | 100%

🔌AC
04:32 | 100%
04:37 | 100%

04:42 | 100%
04:37 | 100% | 04:37 | 100%

🔌AC
04:37 | 100%
04:42 | 100%

04:47 | 100%
04:42 | 100% | 04:42 | 100%

🔌AC
04:42 | 100%
04:47 | 100%

04:52 | 100%
04:47 | 100% | 04:47 | 100%

🔌AC
04:47 | 100%
04:52 | 100%

04:57 | 100%
04:52 | 100% | 04:52 | 100%

🔌AC
04:52 | 100%
04:57 | 100%

05:02 | 100%
04:57 | 100% | 04:57 | 100%

🔌AC
04:57 | 100%
05:02 | 100%

05:07 | 100%
05:02 | 100% | 05:02 | 100%

🔌AC
05:02 | 100%
05:07 | 100%

05:12 | 100%
05:07 | 100% | 05:07 | 100%

🔌AC
05:07 | 100%
05:12 | 100%

05:17 | 100%
05:12 | 100% | 05:12 | 100%

🔌AC
05:12 | 100%
05:17 | 100%

05:22 | 100%
05:17 | 100% | 05:17 | 100%

🔌AC
05:17 | 100%
05:22 | 100%

05:27 | 100%
05:22 | 100% | 05:22 | 100%

🔌AC
05:22 | 100%
05:27 | 100%

05:32 | 100%
05:27 | 100% | 05:27 | 100%

🔌AC
05:27 | 100%
05:32 | 100%

05:37 | 100%
05:32 | 100% | 05:32 | 100%

🔌AC
05:32 | 100%
05:37 | 100%

05:42 | 100%
05:37 | 100% | 05:37 | 100%

🔌AC
05:37 | 100%
05:42 | 100%

05:47 | 100%
05:42 | 100% | 05:42 | 100%

🔌AC
05:42 | 100%
05:47 | 100%

05:52 | 100%
05:47 | 100% | 05:47 | 100%

🔌AC
05:47 | 100%
05:52 | 100%

05:57 | 100%
05:52 | 100% | 05:52 | 100%

🔌AC
05:52 | 100%
05:57 | 100%

06:02 | 100%
05:57 | 100% | 05:57 | 100%

🔌AC
05:57 | 100%
06:02 | 100%

06:07 | 100%
06:02 | 100% | 06:02 | 100%

🔌AC
06:02 | 100%
06:07 | 100%

06:12 | 100%
06:07 | 100% | 06:07 | 100%

🔌AC
06:07 | 100%
06:12 | 100%

06:17 | 100%
06:12 | 100% | 06:12 | 100%

🔌AC
06:12 | 100%
06:17 | 100%

06:22 | 100%
06:17 | 100% | 06:17 | 100%

🔌AC
06:17 | 100%
06:22 | 100%

06:27 | 100%
06:22 | 100% | 06:22 | 100%

🔌AC
06:22 | 100%
06:27 | 100%

06:32 | 100%
06:27 | 100% | 06:27 | 100%

🔌AC
06:27 | 100%
06:32 | 100%

06:37 | 100%
06:32 | 100% | 06:32 | 100%

🔌AC
06:32 | 100%
06:37 | 100%

06:42 | 100%
06:37 | 100% | 06:37 | 100%

🔌AC
06:37 | 100%
06:42 | 100%

06:47 | 100%
06:42 | 100% | 06:42 | 100%

🔌AC
06:42 | 100%
06:47 | 100%

06:52 | 100%
06:47 | 100% | 06:47 | 100%

🔌AC
06:47 | 100%
06:52 | 100%

06:57 | 100%
06:52 | 100% | 06:52 | 100%

🔌AC
06:52 | 100%
06:57 | 100%

07:02 | 100%
06:57 | 100% | 06:57 | 100%

🔌AC
06:57 | 100%
07:02 | 100%

07:07 | 100%
07:02 | 100% | 07:02 | 100%

🔌AC
07:02 | 100%
07:07 | 100%

07:12 | 100%
07:07 | 100% | 07:07 | 100%

🔌AC
07:07 | 100%
07:12 | 100%

07:17 | 100%
07:12 | 100% | 07:12 | 100%

🔌AC
07:12 | 100%
07:17 | 100%

07:22 | 100%
07:17 | 100% | 07:17 | 100%

🔌AC
07:17 | 100%
07:22 | 100%

07:27 | 100%
07:22 | 100% | 07:22 | 100%

🔌AC
07:22 | 100%
07:27 | 100%

07:32 | 100%
07:27 | 100% | 07:27 | 100%

🔌AC
07:27 | 100%
07:32 | 100%

07:37 | 100%
07:32 | 100% | 07:32 | 100%

🔌AC
07:32 | 100%
07:37 | 100%

07:42 | 100%
07:37 | 100% | 07:37 | 100%

🔌AC
07:37 | 100%
07:42 | 100%

07:47 | 100%
07:42 | 100% | 07:42 | 100%

🔌AC
07:42 | 100%
07:47 | 100%

07:52 | 100%
07:47 | 100% | 07:47 | 100%

🔌AC
07:47 | 100%
07:52 | 100%

07:57 | 100%
07:52 | 100% | 07:52 | 100%

🔌AC
07:52 | 100%
07:57 | 100%

08:02 | 100%
07:57 | 100% | 07:57 | 100%

🔌AC
07:57 | 100%
